2017-02-13 15:43:04.2270 | DEBUG | Task2.JournalPage | Going to the journal page http://journals.lww.com/jnsa
2017-02-13 15:43:16.5282 | INFO | Task2.JournalPage | Moving to the Login Page
2017-02-13 15:43:16.5282 | INFO | Task2.BaseElement | Clicking on Login Link. Its locator: By.XPath: //a[@id = 'ctl00_ucUserActionsToolbar_lnkLogin']
2017-02-13 15:43:17.5073 | INFO | Task2.BaseElement | Clicking on Simple Search Bar. Its locator: By.XPath: //input[@class = 'form-control']
2017-02-13 15:43:17.8674 | INFO | Task2.BaseElement | Filling label with info
2017-02-13 15:43:18.2644 | INFO | Task2.BaseElement | Clicking on Search Button. Its locator: By.XPath: //button[@type = 'submit']
2017-02-13 15:43:18.3844 | INFO | Task2.LoginPage | Input login info into Login Bar
2017-02-13 15:43:18.3844 | INFO | Task2.BaseElement | Filling label with info
2017-02-13 15:43:18.6294 | INFO | Task2.LoginPage | Input password info into Password Bar
2017-02-13 15:43:18.6294 | INFO | Task2.BaseElement | Filling label with info
2017-02-13 15:43:18.8825 | INFO | Task2.BaseElement | Clicking on Login Button on Login Page. Its locator: By.XPath: //input[@value='Login']
2017-02-13 15:43:22.2868 | INFO | Task2.BaseElement | Clicking on Logout Button. Its locator: By.XPath: //a[@id = 'ctl00_ucUserActionsToolbar_lnkLogout']
2017-02-13 15:43:28.8094 | INFO | Task2.SearchPage | Checking if search has results by checking element with XPath: By.XPath: //div[@class = 'wp-feature-articles']
2017-02-13 15:43:28.8465 | INFO | Task2.SearchPage | Everything is ok with simple search
2017-02-13 15:43:28.8465 | INFO | Task2.BaseElement | Clicking on Advanced Search Link. Its locator: By.XPath: //div[@class = 'advance-search']
2017-02-13 15:43:31.2327 | INFO | Task2.Pages.AdvancedSearchPage | Selecting All Fields in 1 scope, its Locator: By.XPath: //select[@id = 'dplScope_1']
2017-02-13 15:43:31.2977 | INFO | Task2.BaseElement | Filling label with info
2017-02-13 15:43:36.6322 | ERROR | Task2.BaseElement | Element named Check Boxes was not found. Locator is: By.XPath: //div[@class = 'journalNamesDiv']. Exception: OpenQA.Selenium.NoSuchElementException: no such element: Unable to locate element: {"method":"xpath","selector":"//div[@class = 'journalNamesDiv']"}
  (Session info: chrome=56.0.2924.87)
  (Driver info: chromedriver=2.27.440174 (e97a722caafc2d3a8b807ee115bfb307f7d2cfd9),platform=Windows NT 6.1.7601 SP1 x86_64)
   at OpenQA.Selenium.Remote.RemoteWebDriver.UnpackAndThrowOnError(Response errorResponse)
   at OpenQA.Selenium.Remote.RemoteWebDriver.Execute(String driverCommandToExecute, Dictionary`2 parameters)
   at OpenQA.Selenium.Remote.RemoteWebDriver.FindElement(String mechanism, String value)
   at OpenQA.Selenium.Remote.RemoteWebDriver.FindElementByXPath(String xpath)
   at OpenQA.Selenium.By.<>c__DisplayClasse.<XPath>b__c(ISearchContext context)
   at OpenQA.Selenium.By.FindElement(ISearchContext context)
   at OpenQA.Selenium.Remote.RemoteWebDriver.FindElement(By by)
   at Task2.BaseElement.getElement(IWebDriver driver) in C:\Users\Uladzimir_Shved\documents\visual studio 2015\Projects\Task2\Task2\BaseElement.cs:line 48
2017-02-13 15:43:36.6322 | INFO | Task2.BaseElement | Clicking on Search Button. Its locator: By.XPath: //input[@value = 'Search']
2017-02-13 15:43:42.6498 | INFO | Task2.Pages.AdvancedSearchPage | Checking if search has results by checking element with XPath: By.XPath: //div[. = '0 results']
2017-02-13 15:43:47.6853 | ERROR | Task2.BaseElement | Element named Advanced Search Results was not found. Locator is: By.XPath: //div[. = '0 results']. Exception: OpenQA.Selenium.NoSuchElementException: no such element: Unable to locate element: {"method":"xpath","selector":"//div[. = '0 results']"}
  (Session info: chrome=56.0.2924.87)
  (Driver info: chromedriver=2.27.440174 (e97a722caafc2d3a8b807ee115bfb307f7d2cfd9),platform=Windows NT 6.1.7601 SP1 x86_64)
   at OpenQA.Selenium.Remote.RemoteWebDriver.UnpackAndThrowOnError(Response errorResponse)
   at OpenQA.Selenium.Remote.RemoteWebDriver.Execute(String driverCommandToExecute, Dictionary`2 parameters)
   at OpenQA.Selenium.Remote.RemoteWebDriver.FindElement(String mechanism, String value)
   at OpenQA.Selenium.Remote.RemoteWebDriver.FindElementByXPath(String xpath)
   at OpenQA.Selenium.By.<>c__DisplayClasse.<XPath>b__c(ISearchContext context)
   at OpenQA.Selenium.By.FindElement(ISearchContext context)
   at OpenQA.Selenium.Remote.RemoteWebDriver.FindElement(By by)
   at Task2.BaseElement.getElement(IWebDriver driver) in C:\Users\Uladzimir_Shved\documents\visual studio 2015\Projects\Task2\Task2\BaseElement.cs:line 48
2017-02-13 15:43:47.6853 | INFO | Task2.Pages.AdvancedSearchPage | No results! Its a bug if data was valid
2017-02-13 15:43:47.6853 | DEBUG | Task2.JournalPage | Going to the journal page http://journals.lww.com/jnsa
2017-02-13 15:43:49.5505 | INFO | Task2.JournalPage | Checking if element exists Articles & Issues in jnsa, its XPath: //a[contains(text(), "Articles & Issues")]
2017-02-13 15:43:49.5845 | INFO | Task2.JournalPage | Checking if element exists Current Issue in jnsa, its XPath: //span[contains(text(), "Current Issue")]
2017-02-13 15:43:49.6135 | INFO | Task2.JournalPage | Checking if element exists Articles & Issues in jnsa, its XPath: //a[contains(text(), "Articles & Issues")]
2017-02-13 15:43:49.6245 | INFO | Task2.JournalPage | Checking if element exists Previous Issues in jnsa, its XPath: //span[contains(text(), "Previous Issues")]
2017-02-13 15:43:49.6635 | INFO | Task2.JournalPage | Checking if element exists Articles & Issues in jnsa, its XPath: //a[contains(text(), "Articles & Issues")]
2017-02-13 15:43:49.6775 | INFO | Task2.JournalPage | Checking if element exists Published Ahead-of-Print in jnsa, its XPath: //span[contains(text(), "Published Ahead-of-Print")]
2017-02-13 15:43:49.7065 | INFO | Task2.JournalPage | Checking if element exists For Authors in jnsa, its XPath: //a[contains(text(), "For Authors")]
2017-02-13 15:43:49.7335 | INFO | Task2.JournalPage | Checking if element exists Information for Authors in jnsa, its XPath: //span[contains(text(), "Information for Authors")]
2017-02-13 15:43:49.7605 | INFO | Task2.JournalPage | Checking if element exists For Authors in jnsa, its XPath: //a[contains(text(), "For Authors")]
2017-02-13 15:43:49.7705 | INFO | Task2.JournalPage | Checking if element exists Language Editing Services in jnsa, its XPath: //span[contains(text(), "Language Editing Services")]
2017-02-13 15:43:49.7975 | INFO | Task2.JournalPage | Checking if element exists Journal Info in jnsa, its XPath: //a[contains(text(), "Journal Info")]
2017-02-13 15:43:49.8286 | INFO | Task2.JournalPage | Checking if element exists About the Journal in jnsa, its XPath: //span[contains(text(), "About the Journal")]
2017-02-13 15:43:49.8556 | INFO | Task2.JournalPage | Checking if element exists Journal Info in jnsa, its XPath: //a[contains(text(), "Journal Info")]
2017-02-13 15:43:49.8666 | INFO | Task2.JournalPage | Checking if element exists Editorial Board in jnsa, its XPath: //span[contains(text(), "Editorial Board")]
2017-02-13 15:43:49.9236 | INFO | Task2.JournalPage | Checking if element exists Journal Info in jnsa, its XPath: //a[contains(text(), "Journal Info")]
2017-02-13 15:43:49.9236 | INFO | Task2.JournalPage | Checking if element exists Affiliated Societies in jnsa, its XPath: //span[contains(text(), "Affiliated Societies")]
2017-02-13 15:43:49.9706 | INFO | Task2.JournalPage | Checking if element exists Journal Info in jnsa, its XPath: //a[contains(text(), "Journal Info")]
2017-02-13 15:43:49.9836 | INFO | Task2.JournalPage | Checking if element exists Advertising in jnsa, its XPath: //span[contains(text(), "Advertising")]
2017-02-13 15:43:50.0126 | INFO | Task2.JournalPage | Checking if element exists Journal Info in jnsa, its XPath: //a[contains(text(), "Journal Info")]
2017-02-13 15:43:50.0276 | INFO | Task2.JournalPage | Checking if element exists Open Access in jnsa, its XPath: //span[contains(text(), "Open Access")]
2017-02-13 15:43:50.0606 | INFO | Task2.JournalPage | Checking if element exists Journal Info in jnsa, its XPath: //a[contains(text(), "Journal Info")]
2017-02-13 15:43:50.0606 | INFO | Task2.JournalPage | Checking if element exists Subscription Services in jnsa, its XPath: //span[contains(text(), "Subscription Services")]
2017-02-13 15:43:50.0986 | INFO | Task2.JournalPage | Checking if element exists Journal Info in jnsa, its XPath: //a[contains(text(), "Journal Info")]
2017-02-13 15:43:50.1096 | INFO | Task2.JournalPage | Checking if element exists Reprints in jnsa, its XPath: //span[contains(text(), "Reprints")]
2017-02-13 15:43:50.1376 | INFO | Task2.JournalPage | Checking if element exists Journal Info in jnsa, its XPath: //a[contains(text(), "Journal Info")]
2017-02-13 15:43:50.1476 | INFO | Task2.JournalPage | Checking if element exists Rights and Permissions in jnsa, its XPath: //span[contains(text(), "Rights and Permissions")]
2017-02-13 15:43:50.1816 | DEBUG | Task2.JournalPage | Going to the journal page http://journals.lww.com/jonajournal
2017-02-13 15:43:58.2584 | INFO | Task2.BaseElement | Clicking on Simple Search Bar. Its locator: By.XPath: //input[@class = 'form-control']
2017-02-13 15:43:58.4144 | INFO | Task2.BaseElement | Filling label with info
2017-02-13 15:43:58.5434 | INFO | Task2.BaseElement | Clicking on Search Button. Its locator: By.XPath: //button[@type = 'submit']
2017-02-13 15:44:06.2752 | INFO | Task2.SearchPage | Checking if search has results by checking element with XPath: By.XPath: //div[@class = 'wp-feature-articles']
2017-02-13 15:44:06.3322 | INFO | Task2.SearchPage | Everything is ok with simple search
2017-02-13 15:44:06.3322 | INFO | Task2.BaseElement | Clicking on Advanced Search Link. Its locator: By.XPath: //div[@class = 'advance-search']
2017-02-13 15:44:07.8684 | INFO | Task2.Pages.AdvancedSearchPage | Selecting All Fields in 1 scope, its Locator: By.XPath: //select[@id = 'dplScope_1']
2017-02-13 15:44:07.9164 | INFO | Task2.BaseElement | Filling label with info
2017-02-13 15:44:13.1639 | ERROR | Task2.BaseElement | Element named Check Boxes was not found. Locator is: By.XPath: //div[@class = 'journalNamesDiv']. Exception: OpenQA.Selenium.NoSuchElementException: no such element: Unable to locate element: {"method":"xpath","selector":"//div[@class = 'journalNamesDiv']"}
  (Session info: chrome=56.0.2924.87)
  (Driver info: chromedriver=2.27.440174 (e97a722caafc2d3a8b807ee115bfb307f7d2cfd9),platform=Windows NT 6.1.7601 SP1 x86_64)
   at OpenQA.Selenium.Remote.RemoteWebDriver.UnpackAndThrowOnError(Response errorResponse)
   at OpenQA.Selenium.Remote.RemoteWebDriver.Execute(String driverCommandToExecute, Dictionary`2 parameters)
   at OpenQA.Selenium.Remote.RemoteWebDriver.FindElement(String mechanism, String value)
   at OpenQA.Selenium.Remote.RemoteWebDriver.FindElementByXPath(String xpath)
   at OpenQA.Selenium.By.<>c__DisplayClasse.<XPath>b__c(ISearchContext context)
   at OpenQA.Selenium.By.FindElement(ISearchContext context)
   at OpenQA.Selenium.Remote.RemoteWebDriver.FindElement(By by)
   at Task2.BaseElement.getElement(IWebDriver driver) in C:\Users\Uladzimir_Shved\documents\visual studio 2015\Projects\Task2\Task2\BaseElement.cs:line 48
2017-02-13 15:44:13.1649 | INFO | Task2.BaseElement | Clicking on Search Button. Its locator: By.XPath: //input[@value = 'Search']
2017-02-13 15:44:33.6909 | INFO | Task2.Pages.AdvancedSearchPage | Checking if search has results by checking element with XPath: By.XPath: //div[. = '0 results']
2017-02-13 15:44:38.7714 | ERROR | Task2.BaseElement | Element named Advanced Search Results was not found. Locator is: By.XPath: //div[. = '0 results']. Exception: OpenQA.Selenium.NoSuchElementException: no such element: Unable to locate element: {"method":"xpath","selector":"//div[. = '0 results']"}
  (Session info: chrome=56.0.2924.87)
  (Driver info: chromedriver=2.27.440174 (e97a722caafc2d3a8b807ee115bfb307f7d2cfd9),platform=Windows NT 6.1.7601 SP1 x86_64)
   at OpenQA.Selenium.Remote.RemoteWebDriver.UnpackAndThrowOnError(Response errorResponse)
   at OpenQA.Selenium.Remote.RemoteWebDriver.Execute(String driverCommandToExecute, Dictionary`2 parameters)
   at OpenQA.Selenium.Remote.RemoteWebDriver.FindElement(String mechanism, String value)
   at OpenQA.Selenium.Remote.RemoteWebDriver.FindElementByXPath(String xpath)
   at OpenQA.Selenium.By.<>c__DisplayClasse.<XPath>b__c(ISearchContext context)
   at OpenQA.Selenium.By.FindElement(ISearchContext context)
   at OpenQA.Selenium.Remote.RemoteWebDriver.FindElement(By by)
   at Task2.BaseElement.getElement(IWebDriver driver) in C:\Users\Uladzimir_Shved\documents\visual studio 2015\Projects\Task2\Task2\BaseElement.cs:line 48
2017-02-13 15:44:38.7714 | INFO | Task2.Pages.AdvancedSearchPage | No results! Its a bug if data was valid
2017-02-13 15:44:38.7714 | DEBUG | Task2.JournalPage | Going to the journal page http://journals.lww.com/jonajournal
2017-02-13 15:44:41.8228 | INFO | Task2.JournalPage | Checking if element exists Articles & Issues in jonajournal, its XPath: //a[contains(text(), "Articles & Issues")]
2017-02-13 15:44:41.8608 | INFO | Task2.JournalPage | Checking if element exists Current Issue in jonajournal, its XPath: //span[contains(text(), "Current Issue")]
2017-02-13 15:44:41.8888 | INFO | Task2.JournalPage | Checking if element exists Articles & Issues in jonajournal, its XPath: //a[contains(text(), "Articles & Issues")]
2017-02-13 15:44:41.9018 | INFO | Task2.JournalPage | Checking if element exists Previous Issues in jonajournal, its XPath: //span[contains(text(), "Previous Issues")]
2017-02-13 15:44:41.9338 | INFO | Task2.JournalPage | Checking if element exists Articles & Issues in jonajournal, its XPath: //a[contains(text(), "Articles & Issues")]
2017-02-13 15:44:41.9338 | INFO | Task2.JournalPage | Checking if element exists Published Ahead-of-Print in jonajournal, its XPath: //span[contains(text(), "Published Ahead-of-Print")]
2017-02-13 15:44:41.9858 | INFO | Task2.JournalPage | Checking if element exists Collections in jonajournal, its XPath: //a[contains(text(), "Collections")]
2017-02-13 15:44:42.0248 | INFO | Task2.JournalPage | Checking if element exists Topical Collections in jonajournal, its XPath: //span[contains(text(), "Topical Collections")]
2017-02-13 15:44:42.0678 | INFO | Task2.JournalPage | Checking if element exists For Authors in jonajournal, its XPath: //a[contains(text(), "For Authors")]
2017-02-13 15:44:42.0958 | INFO | Task2.JournalPage | Checking if element exists Information for Authors in jonajournal, its XPath: //span[contains(text(), "Information for Authors")]
2017-02-13 15:44:42.1278 | INFO | Task2.JournalPage | Checking if element exists For Authors in jonajournal, its XPath: //a[contains(text(), "For Authors")]
2017-02-13 15:44:42.1388 | INFO | Task2.JournalPage | Checking if element exists Language Editing Services in jonajournal, its XPath: //span[contains(text(), "Language Editing Services")]
2017-02-13 15:44:42.1738 | INFO | Task2.JournalPage | Checking if element exists For Authors in jonajournal, its XPath: //a[contains(text(), "For Authors")]
2017-02-13 15:44:42.1868 | INFO | Task2.JournalPage | Checking if element exists Author's Institution Press Release Guidelines in jonajournal, its XPath: //span[contains(text(), "Author's Institution Press Release Guidelines")]
2017-02-13 15:44:42.2198 | INFO | Task2.JournalPage | Checking if element exists Journal Info in jonajournal, its XPath: //a[contains(text(), "Journal Info")]
2017-02-13 15:44:42.2658 | INFO | Task2.JournalPage | Checking if element exists About the Journal in jonajournal, its XPath: //span[contains(text(), "About the Journal")]
2017-02-13 15:44:42.3028 | INFO | Task2.JournalPage | Checking if element exists Journal Info in jonajournal, its XPath: //a[contains(text(), "Journal Info")]
2017-02-13 15:44:42.3128 | INFO | Task2.JournalPage | Checking if element exists Editorial Board in jonajournal, its XPath: //span[contains(text(), "Editorial Board")]
2017-02-13 15:44:42.3408 | INFO | Task2.JournalPage | Checking if element exists Journal Info in jonajournal, its XPath: //a[contains(text(), "Journal Info")]
2017-02-13 15:44:42.3408 | INFO | Task2.JournalPage | Checking if element exists Advertising in jonajournal, its XPath: //span[contains(text(), "Advertising")]
2017-02-13 15:44:42.3778 | INFO | Task2.JournalPage | Checking if element exists Journal Info in jonajournal, its XPath: //a[contains(text(), "Journal Info")]
2017-02-13 15:44:42.3888 | INFO | Task2.JournalPage | Checking if element exists Open Access in jonajournal, its XPath: //span[contains(text(), "Open Access")]
2017-02-13 15:44:42.4148 | INFO | Task2.JournalPage | Checking if element exists Journal Info in jonajournal, its XPath: //a[contains(text(), "Journal Info")]
2017-02-13 15:44:42.4258 | INFO | Task2.JournalPage | Checking if element exists Subscription Services in jonajournal, its XPath: //span[contains(text(), "Subscription Services")]
2017-02-13 15:44:42.4528 | INFO | Task2.JournalPage | Checking if element exists Journal Info in jonajournal, its XPath: //a[contains(text(), "Journal Info")]
2017-02-13 15:44:42.4528 | INFO | Task2.JournalPage | Checking if element exists Reprints in jonajournal, its XPath: //span[contains(text(), "Reprints")]
2017-02-13 15:44:42.4898 | INFO | Task2.JournalPage | Checking if element exists Journal Info in jonajournal, its XPath: //a[contains(text(), "Journal Info")]
2017-02-13 15:44:42.4998 | INFO | Task2.JournalPage | Checking if element exists Rights and Permissions in jonajournal, its XPath: //span[contains(text(), "Rights and Permissions")]
2017-02-13 15:44:42.5288 | DEBUG | Task2.JournalPage | Going to the journal page http://journals.lww.com/jonmd
2017-02-13 15:44:45.5971 | INFO | Task2.BaseElement | Clicking on Simple Search Bar. Its locator: By.XPath: //input[@class = 'form-control']
2017-02-13 15:44:45.7851 | INFO | Task2.BaseElement | Filling label with info
2017-02-13 15:44:45.8782 | INFO | Task2.BaseElement | Clicking on Search Button. Its locator: By.XPath: //button[@type = 'submit']
2017-02-13 15:44:56.1382 | INFO | Task2.SearchPage | Checking if search has results by checking element with XPath: By.XPath: //div[@class = 'wp-feature-articles']
2017-02-13 15:44:57.1923 | INFO | Task2.SearchPage | Everything is ok with simple search
2017-02-13 15:44:57.1923 | INFO | Task2.BaseElement | Clicking on Advanced Search Link. Its locator: By.XPath: //div[@class = 'advance-search']
2017-02-13 15:44:59.7685 | INFO | Task2.Pages.AdvancedSearchPage | Selecting All Fields in 1 scope, its Locator: By.XPath: //select[@id = 'dplScope_1']
2017-02-13 15:44:59.8296 | INFO | Task2.BaseElement | Filling label with info
2017-02-13 15:45:05.1291 | ERROR | Task2.BaseElement | Element named Check Boxes was not found. Locator is: By.XPath: //div[@class = 'journalNamesDiv']. Exception: OpenQA.Selenium.NoSuchElementException: no such element: Unable to locate element: {"method":"xpath","selector":"//div[@class = 'journalNamesDiv']"}
  (Session info: chrome=56.0.2924.87)
  (Driver info: chromedriver=2.27.440174 (e97a722caafc2d3a8b807ee115bfb307f7d2cfd9),platform=Windows NT 6.1.7601 SP1 x86_64)
   at OpenQA.Selenium.Remote.RemoteWebDriver.UnpackAndThrowOnError(Response errorResponse)
   at OpenQA.Selenium.Remote.RemoteWebDriver.Execute(String driverCommandToExecute, Dictionary`2 parameters)
   at OpenQA.Selenium.Remote.RemoteWebDriver.FindElement(String mechanism, String value)
   at OpenQA.Selenium.Remote.RemoteWebDriver.FindElementByXPath(String xpath)
   at OpenQA.Selenium.By.<>c__DisplayClasse.<XPath>b__c(ISearchContext context)
   at OpenQA.Selenium.By.FindElement(ISearchContext context)
   at OpenQA.Selenium.Remote.RemoteWebDriver.FindElement(By by)
   at Task2.BaseElement.getElement(IWebDriver driver) in C:\Users\Uladzimir_Shved\documents\visual studio 2015\Projects\Task2\Task2\BaseElement.cs:line 48
2017-02-13 15:45:05.1291 | INFO | Task2.BaseElement | Clicking on Search Button. Its locator: By.XPath: //input[@value = 'Search']
2017-02-13 15:45:13.7169 | INFO | Task2.Pages.AdvancedSearchPage | Checking if search has results by checking element with XPath: By.XPath: //div[. = '0 results']
2017-02-13 15:45:18.7854 | ERROR | Task2.BaseElement | Element named Advanced Search Results was not found. Locator is: By.XPath: //div[. = '0 results']. Exception: OpenQA.Selenium.NoSuchElementException: no such element: Unable to locate element: {"method":"xpath","selector":"//div[. = '0 results']"}
  (Session info: chrome=56.0.2924.87)
  (Driver info: chromedriver=2.27.440174 (e97a722caafc2d3a8b807ee115bfb307f7d2cfd9),platform=Windows NT 6.1.7601 SP1 x86_64)
   at OpenQA.Selenium.Remote.RemoteWebDriver.UnpackAndThrowOnError(Response errorResponse)
   at OpenQA.Selenium.Remote.RemoteWebDriver.Execute(String driverCommandToExecute, Dictionary`2 parameters)
   at OpenQA.Selenium.Remote.RemoteWebDriver.FindElement(String mechanism, String value)
   at OpenQA.Selenium.Remote.RemoteWebDriver.FindElementByXPath(String xpath)
   at OpenQA.Selenium.By.<>c__DisplayClasse.<XPath>b__c(ISearchContext context)
   at OpenQA.Selenium.By.FindElement(ISearchContext context)
   at OpenQA.Selenium.Remote.RemoteWebDriver.FindElement(By by)
   at Task2.BaseElement.getElement(IWebDriver driver) in C:\Users\Uladzimir_Shved\documents\visual studio 2015\Projects\Task2\Task2\BaseElement.cs:line 48
2017-02-13 15:45:18.7854 | INFO | Task2.Pages.AdvancedSearchPage | No results! Its a bug if data was valid
2017-02-13 15:45:18.7854 | DEBUG | Task2.JournalPage | Going to the journal page http://journals.lww.com/jonmd
2017-02-13 15:45:31.6157 | INFO | Task2.JournalPage | Checking if element exists Articles & Issues in jonmd, its XPath: //a[contains(text(), "Articles & Issues")]
2017-02-13 15:45:31.6477 | INFO | Task2.JournalPage | Checking if element exists Current Issue in jonmd, its XPath: //span[contains(text(), "Current Issue")]
2017-02-13 15:45:31.6747 | INFO | Task2.JournalPage | Checking if element exists Articles & Issues in jonmd, its XPath: //a[contains(text(), "Articles & Issues")]
2017-02-13 15:45:31.6847 | INFO | Task2.JournalPage | Checking if element exists Previous Issues in jonmd, its XPath: //span[contains(text(), "Previous Issues")]
2017-02-13 15:45:31.7297 | INFO | Task2.JournalPage | Checking if element exists Articles & Issues in jonmd, its XPath: //a[contains(text(), "Articles & Issues")]
2017-02-13 15:45:31.7447 | INFO | Task2.JournalPage | Checking if element exists Published Ahead-of-Print in jonmd, its XPath: //span[contains(text(), "Published Ahead-of-Print")]
2017-02-13 15:45:31.7767 | INFO | Task2.JournalPage | Checking if element exists For Authors in jonmd, its XPath: //a[contains(text(), "For Authors")]
2017-02-13 15:45:31.8047 | INFO | Task2.JournalPage | Checking if element exists Information for Authors in jonmd, its XPath: //span[contains(text(), "Information for Authors")]
2017-02-13 15:45:31.8338 | INFO | Task2.JournalPage | Checking if element exists For Authors in jonmd, its XPath: //a[contains(text(), "For Authors")]
2017-02-13 15:45:31.8458 | INFO | Task2.JournalPage | Checking if element exists Language Editing Services in jonmd, its XPath: //span[contains(text(), "Language Editing Services")]
2017-02-13 15:45:31.8808 | INFO | Task2.JournalPage | Checking if element exists Journal Info in jonmd, its XPath: //a[contains(text(), "Journal Info")]
2017-02-13 15:45:31.9138 | INFO | Task2.JournalPage | Checking if element exists About the Journal in jonmd, its XPath: //span[contains(text(), "About the Journal")]
2017-02-13 15:45:31.9488 | INFO | Task2.JournalPage | Checking if element exists Journal Info in jonmd, its XPath: //a[contains(text(), "Journal Info")]
2017-02-13 15:45:31.9658 | INFO | Task2.JournalPage | Checking if element exists Editorial Board in jonmd, its XPath: //span[contains(text(), "Editorial Board")]
2017-02-13 15:45:32.0398 | INFO | Task2.JournalPage | Checking if element exists Journal Info in jonmd, its XPath: //a[contains(text(), "Journal Info")]
2017-02-13 15:45:32.0518 | INFO | Task2.JournalPage | Checking if element exists Advertising in jonmd, its XPath: //span[contains(text(), "Advertising")]
2017-02-13 15:45:32.0798 | INFO | Task2.JournalPage | Checking if element exists Journal Info in jonmd, its XPath: //a[contains(text(), "Journal Info")]
2017-02-13 15:45:32.0898 | INFO | Task2.JournalPage | Checking if element exists Open Access in jonmd, its XPath: //span[contains(text(), "Open Access")]
2017-02-13 15:45:32.1178 | INFO | Task2.JournalPage | Checking if element exists Journal Info in jonmd, its XPath: //a[contains(text(), "Journal Info")]
2017-02-13 15:45:32.1298 | INFO | Task2.JournalPage | Checking if element exists Subscription Services in jonmd, its XPath: //span[contains(text(), "Subscription Services")]
2017-02-13 15:45:32.1588 | INFO | Task2.JournalPage | Checking if element exists Journal Info in jonmd, its XPath: //a[contains(text(), "Journal Info")]
2017-02-13 15:45:32.1698 | INFO | Task2.JournalPage | Checking if element exists Reprints in jonmd, its XPath: //span[contains(text(), "Reprints")]
2017-02-13 15:45:32.1998 | INFO | Task2.JournalPage | Checking if element exists Journal Info in jonmd, its XPath: //a[contains(text(), "Journal Info")]
2017-02-13 15:45:32.1998 | INFO | Task2.JournalPage | Checking if element exists Rights and Permissions in jonmd, its XPath: //span[contains(text(), "Rights and Permissions")]
