2017-02-15 10:02:40.0492 | DEBUG | Task2.JournalPage | Going to the journal page http://journals.lww.com/jnsa
2017-02-15 10:02:46.2028 | INFO | Task2.BaseElement | Clicking on Simple Search Bar. Its locator: By.XPath: //input[@class = 'form-control']
2017-02-15 10:02:46.7918 | INFO | Task2.BaseElement | Filling label with info
2017-02-15 10:02:47.3089 | INFO | Task2.BaseElement | Clicking on Search Button. Its locator: By.XPath: //button[@type = 'submit']
2017-02-15 10:02:58.7910 | INFO | Task2.SearchPage | Checking if search has results by checking element with XPath: By.XPath: //div[@class = 'wp-feature-articles']
2017-02-15 10:02:59.0371 | INFO | Task2.SearchPage | Everything is ok with simple search
2017-02-15 10:02:59.0371 | INFO | Task2.BaseElement | Clicking on Advanced Search Link. Its locator: By.XPath: //div[@class = 'advance-search']
2017-02-15 10:03:02.6334 | INFO | Task2.Pages.AdvancedSearchPage | Selecting All Fields in 1 scope, its Locator: By.XPath: //select[@id = 'dplScope_1']
2017-02-15 10:03:02.8474 | INFO | Task2.BaseElement | Filling label with info
2017-02-15 10:03:09.0851 | ERROR | Task2.BaseElement | Element named Check Boxes was not found. Locator is: By.XPath: //div[@class = 'journalNamesDiv']. Exception: OpenQA.Selenium.NoSuchElementException: Unable to locate element: {"method":"xpath","selector":"//div[@class = 'journalNamesDiv']"}
For documentation on this error, please visit: http://seleniumhq.org/exceptions/no_such_element.html
Build info: version: '2.53.1', revision: 'a36b8b1', time: '2016-06-30 17:37:03'
System info: host: '185-129-69-156', ip: '185.129.69.156', os.name: 'windows', os.arch: 'x86', os.version: '5.2', java.version: '1.8.0_40'
Driver info: driver.version: unknown
   at OpenQA.Selenium.Remote.RemoteWebDriver.UnpackAndThrowOnError(Response errorResponse)
   at OpenQA.Selenium.Remote.RemoteWebDriver.Execute(String driverCommandToExecute, Dictionary`2 parameters)
   at OpenQA.Selenium.Remote.RemoteWebDriver.FindElement(String mechanism, String value)
   at OpenQA.Selenium.Remote.RemoteWebDriver.FindElementByXPath(String xpath)
   at OpenQA.Selenium.By.<>c__DisplayClasse.<XPath>b__c(ISearchContext context)
   at OpenQA.Selenium.By.FindElement(ISearchContext context)
   at OpenQA.Selenium.Remote.RemoteWebDriver.FindElement(By by)
   at Task2.BaseElement.getElement(IWebDriver driver) in C:\Users\Uladzimir_Shved\documents\visual studio 2015\Projects\Task2\Task2\BaseElement.cs:line 48
2017-02-15 10:03:09.0851 | INFO | Task2.BaseElement | Clicking on Search Button. Its locator: By.XPath: //input[@value = 'Search']
2017-02-15 10:03:12.3924 | INFO | Task2.JournalPage | Moving to the Login Page
2017-02-15 10:03:12.3924 | INFO | Task2.BaseElement | Clicking on Login Link. Its locator: By.XPath: //a[@id = 'ctl00_ucUserActionsToolbar_lnkLogin']
2017-02-15 10:03:13.4385 | INFO | Task2.LoginPage | Input login info into Login Bar
2017-02-15 10:03:13.4385 | INFO | Task2.BaseElement | Filling label with info
2017-02-15 10:03:16.2228 | INFO | Task2.LoginPage | Input password info into Password Bar
2017-02-15 10:03:16.2238 | INFO | Task2.BaseElement | Filling label with info
2017-02-15 10:03:16.8018 | INFO | Task2.BaseElement | Clicking on Login Button on Login Page. Its locator: By.XPath: //input[@value='Login']
2017-02-15 10:03:20.7042 | INFO | Task2.Pages.AdvancedSearchPage | Checking if search has results by checking element with XPath: By.XPath: //div[. = '0 results']
2017-02-15 10:03:21.8963 | INFO | Task2.BaseElement | Clicking on Logout Button. Its locator: By.XPath: //a[@id = 'ctl00_ucUserActionsToolbar_lnkLogout']
2017-02-15 10:03:26.3908 | ERROR | Task2.BaseElement | Element named Advanced Search Results was not found. Locator is: By.XPath: //div[. = '0 results']. Exception: OpenQA.Selenium.NoSuchElementException: Unable to locate element: {"method":"xpath","selector":"//div[. = '0 results']"}
For documentation on this error, please visit: http://seleniumhq.org/exceptions/no_such_element.html
Build info: version: '2.53.1', revision: 'a36b8b1', time: '2016-06-30 17:37:03'
System info: host: '185-129-69-156', ip: '185.129.69.156', os.name: 'windows', os.arch: 'x86', os.version: '5.2', java.version: '1.8.0_40'
Driver info: driver.version: unknown
   at OpenQA.Selenium.Remote.RemoteWebDriver.UnpackAndThrowOnError(Response errorResponse)
   at OpenQA.Selenium.Remote.RemoteWebDriver.Execute(String driverCommandToExecute, Dictionary`2 parameters)
   at OpenQA.Selenium.Remote.RemoteWebDriver.FindElement(String mechanism, String value)
   at OpenQA.Selenium.Remote.RemoteWebDriver.FindElementByXPath(String xpath)
   at OpenQA.Selenium.By.<>c__DisplayClasse.<XPath>b__c(ISearchContext context)
   at OpenQA.Selenium.By.FindElement(ISearchContext context)
   at OpenQA.Selenium.Remote.RemoteWebDriver.FindElement(By by)
   at Task2.BaseElement.getElement(IWebDriver driver) in C:\Users\Uladzimir_Shved\documents\visual studio 2015\Projects\Task2\Task2\BaseElement.cs:line 48
2017-02-15 10:03:26.3908 | INFO | Task2.Pages.AdvancedSearchPage | No results! Its a bug if data was valid
2017-02-15 10:03:26.3908 | DEBUG | Task2.JournalPage | Going to the journal page http://journals.lww.com/jnsa
2017-02-15 10:03:29.6111 | INFO | Task2.JournalPage | Checking if element exists Articles & Issues in jnsa, its XPath: //a[contains(text(), "Articles & Issues")]
2017-02-15 10:03:29.7781 | INFO | Task2.JournalPage | Checking if element exists Current Issue in jnsa, its XPath: //span[contains(text(), "Current Issue")]
2017-02-15 10:03:29.9111 | INFO | Task2.JournalPage | Checking if element exists Articles & Issues in jnsa, its XPath: //a[contains(text(), "Articles & Issues")]
2017-02-15 10:03:30.0882 | INFO | Task2.JournalPage | Checking if element exists Previous Issues in jnsa, its XPath: //span[contains(text(), "Previous Issues")]
2017-02-15 10:03:30.2152 | INFO | Task2.JournalPage | Checking if element exists Articles & Issues in jnsa, its XPath: //a[contains(text(), "Articles & Issues")]
2017-02-15 10:03:30.3812 | INFO | Task2.JournalPage | Checking if element exists Published Ahead-of-Print in jnsa, its XPath: //span[contains(text(), "Published Ahead-of-Print")]
2017-02-15 10:03:30.5582 | INFO | Task2.JournalPage | Checking if element exists For Authors in jnsa, its XPath: //a[contains(text(), "For Authors")]
2017-02-15 10:03:30.7032 | INFO | Task2.JournalPage | Checking if element exists Information for Authors in jnsa, its XPath: //span[contains(text(), "Information for Authors")]
2017-02-15 10:03:30.8292 | INFO | Task2.JournalPage | Checking if element exists For Authors in jnsa, its XPath: //a[contains(text(), "For Authors")]
2017-02-15 10:03:30.9922 | INFO | Task2.JournalPage | Checking if element exists Language Editing Services in jnsa, its XPath: //span[contains(text(), "Language Editing Services")]
2017-02-15 10:03:31.1573 | INFO | Task2.JournalPage | Checking if element exists Journal Info in jnsa, its XPath: //a[contains(text(), "Journal Info")]
2017-02-15 10:03:31.3693 | INFO | Task2.JournalPage | Checking if element exists About the Journal in jnsa, its XPath: //span[contains(text(), "About the Journal")]
2017-02-15 10:03:31.4963 | INFO | Task2.JournalPage | Checking if element exists Journal Info in jnsa, its XPath: //a[contains(text(), "Journal Info")]
2017-02-15 10:03:31.6603 | INFO | Task2.JournalPage | Checking if element exists Editorial Board in jnsa, its XPath: //span[contains(text(), "Editorial Board")]
2017-02-15 10:03:31.8243 | INFO | Task2.JournalPage | Checking if element exists Journal Info in jnsa, its XPath: //a[contains(text(), "Journal Info")]
2017-02-15 10:03:31.9903 | INFO | Task2.JournalPage | Checking if element exists Affiliated Societies in jnsa, its XPath: //span[contains(text(), "Affiliated Societies")]
2017-02-15 10:03:32.1804 | INFO | Task2.JournalPage | Checking if element exists Journal Info in jnsa, its XPath: //a[contains(text(), "Journal Info")]
2017-02-15 10:03:32.3054 | INFO | Task2.JournalPage | Checking if element exists Advertising in jnsa, its XPath: //span[contains(text(), "Advertising")]
2017-02-15 10:03:32.4724 | INFO | Task2.JournalPage | Checking if element exists Journal Info in jnsa, its XPath: //a[contains(text(), "Journal Info")]
2017-02-15 10:03:32.6394 | INFO | Task2.JournalPage | Checking if element exists Open Access in jnsa, its XPath: //span[contains(text(), "Open Access")]
2017-02-15 10:03:32.8044 | INFO | Task2.JournalPage | Checking if element exists Journal Info in jnsa, its XPath: //a[contains(text(), "Journal Info")]
2017-02-15 10:03:32.9674 | INFO | Task2.JournalPage | Checking if element exists Subscription Services in jnsa, its XPath: //span[contains(text(), "Subscription Services")]
2017-02-15 10:03:33.1315 | INFO | Task2.JournalPage | Checking if element exists Journal Info in jnsa, its XPath: //a[contains(text(), "Journal Info")]
2017-02-15 10:03:33.3115 | INFO | Task2.JournalPage | Checking if element exists Reprints in jnsa, its XPath: //span[contains(text(), "Reprints")]
2017-02-15 10:03:33.4355 | INFO | Task2.JournalPage | Checking if element exists Journal Info in jnsa, its XPath: //a[contains(text(), "Journal Info")]
2017-02-15 10:03:33.6225 | INFO | Task2.JournalPage | Checking if element exists Rights and Permissions in jnsa, its XPath: //span[contains(text(), "Rights and Permissions")]
2017-02-15 10:03:33.7965 | DEBUG | Task2.JournalPage | Going to the journal page http://journals.lww.com/jonajournal
2017-02-15 10:03:39.4761 | INFO | Task2.BaseElement | Clicking on Simple Search Bar. Its locator: By.XPath: //input[@class = 'form-control']
2017-02-15 10:03:40.0202 | INFO | Task2.BaseElement | Filling label with info
2017-02-15 10:03:40.5902 | INFO | Task2.BaseElement | Clicking on Search Button. Its locator: By.XPath: //button[@type = 'submit']
2017-02-15 10:03:54.3496 | INFO | Task2.SearchPage | Checking if search has results by checking element with XPath: By.XPath: //div[@class = 'wp-feature-articles']
2017-02-15 10:03:54.6966 | INFO | Task2.SearchPage | Everything is ok with simple search
2017-02-15 10:03:54.6966 | INFO | Task2.BaseElement | Clicking on Advanced Search Link. Its locator: By.XPath: //div[@class = 'advance-search']
2017-02-15 10:03:58.4090 | INFO | Task2.Pages.AdvancedSearchPage | Selecting All Fields in 1 scope, its Locator: By.XPath: //select[@id = 'dplScope_1']
2017-02-15 10:03:58.7440 | INFO | Task2.BaseElement | Filling label with info
2017-02-15 10:04:05.0787 | ERROR | Task2.BaseElement | Element named Check Boxes was not found. Locator is: By.XPath: //div[@class = 'journalNamesDiv']. Exception: OpenQA.Selenium.NoSuchElementException: Unable to locate element: {"method":"xpath","selector":"//div[@class = 'journalNamesDiv']"}
For documentation on this error, please visit: http://seleniumhq.org/exceptions/no_such_element.html
Build info: version: '2.53.1', revision: 'a36b8b1', time: '2016-06-30 17:37:03'
System info: host: '185-129-69-156', ip: '185.129.69.156', os.name: 'windows', os.arch: 'x86', os.version: '5.2', java.version: '1.8.0_40'
Driver info: driver.version: unknown
   at OpenQA.Selenium.Remote.RemoteWebDriver.UnpackAndThrowOnError(Response errorResponse)
   at OpenQA.Selenium.Remote.RemoteWebDriver.Execute(String driverCommandToExecute, Dictionary`2 parameters)
   at OpenQA.Selenium.Remote.RemoteWebDriver.FindElement(String mechanism, String value)
   at OpenQA.Selenium.Remote.RemoteWebDriver.FindElementByXPath(String xpath)
   at OpenQA.Selenium.By.<>c__DisplayClasse.<XPath>b__c(ISearchContext context)
   at OpenQA.Selenium.By.FindElement(ISearchContext context)
   at OpenQA.Selenium.Remote.RemoteWebDriver.FindElement(By by)
   at Task2.BaseElement.getElement(IWebDriver driver) in C:\Users\Uladzimir_Shved\documents\visual studio 2015\Projects\Task2\Task2\BaseElement.cs:line 48
2017-02-15 10:04:05.0787 | INFO | Task2.BaseElement | Clicking on Search Button. Its locator: By.XPath: //input[@value = 'Search']
2017-02-15 10:04:17.1379 | INFO | Task2.Pages.AdvancedSearchPage | Checking if search has results by checking element with XPath: By.XPath: //div[. = '0 results']
2017-02-15 10:04:22.9924 | ERROR | Task2.BaseElement | Element named Advanced Search Results was not found. Locator is: By.XPath: //div[. = '0 results']. Exception: OpenQA.Selenium.NoSuchElementException: Unable to locate element: {"method":"xpath","selector":"//div[. = '0 results']"}
For documentation on this error, please visit: http://seleniumhq.org/exceptions/no_such_element.html
Build info: version: '2.53.1', revision: 'a36b8b1', time: '2016-06-30 17:37:03'
System info: host: '185-129-69-156', ip: '185.129.69.156', os.name: 'windows', os.arch: 'x86', os.version: '5.2', java.version: '1.8.0_40'
Driver info: driver.version: unknown
   at OpenQA.Selenium.Remote.RemoteWebDriver.UnpackAndThrowOnError(Response errorResponse)
   at OpenQA.Selenium.Remote.RemoteWebDriver.Execute(String driverCommandToExecute, Dictionary`2 parameters)
   at OpenQA.Selenium.Remote.RemoteWebDriver.FindElement(String mechanism, String value)
   at OpenQA.Selenium.Remote.RemoteWebDriver.FindElementByXPath(String xpath)
   at OpenQA.Selenium.By.<>c__DisplayClasse.<XPath>b__c(ISearchContext context)
   at OpenQA.Selenium.By.FindElement(ISearchContext context)
   at OpenQA.Selenium.Remote.RemoteWebDriver.FindElement(By by)
   at Task2.BaseElement.getElement(IWebDriver driver) in C:\Users\Uladzimir_Shved\documents\visual studio 2015\Projects\Task2\Task2\BaseElement.cs:line 48
2017-02-15 10:04:22.9924 | INFO | Task2.Pages.AdvancedSearchPage | No results! Its a bug if data was valid
2017-02-15 10:04:22.9924 | DEBUG | Task2.JournalPage | Going to the journal page http://journals.lww.com/jonajournal
2017-02-15 10:04:27.9499 | INFO | Task2.JournalPage | Checking if element exists Articles & Issues in jonajournal, its XPath: //a[contains(text(), "Articles & Issues")]
2017-02-15 10:04:28.2910 | INFO | Task2.JournalPage | Checking if element exists Current Issue in jonajournal, its XPath: //span[contains(text(), "Current Issue")]
2017-02-15 10:04:28.4290 | INFO | Task2.JournalPage | Checking if element exists Articles & Issues in jonajournal, its XPath: //a[contains(text(), "Articles & Issues")]
2017-02-15 10:04:28.5620 | INFO | Task2.JournalPage | Checking if element exists Previous Issues in jonajournal, its XPath: //span[contains(text(), "Previous Issues")]
2017-02-15 10:04:28.6950 | INFO | Task2.JournalPage | Checking if element exists Articles & Issues in jonajournal, its XPath: //a[contains(text(), "Articles & Issues")]
2017-02-15 10:04:28.8640 | INFO | Task2.JournalPage | Checking if element exists Published Ahead-of-Print in jonajournal, its XPath: //span[contains(text(), "Published Ahead-of-Print")]
2017-02-15 10:04:29.1401 | INFO | Task2.JournalPage | Checking if element exists Collections in jonajournal, its XPath: //a[contains(text(), "Collections")]
2017-02-15 10:04:29.2821 | INFO | Task2.JournalPage | Checking if element exists Topical Collections in jonajournal, its XPath: //span[contains(text(), "Topical Collections")]
2017-02-15 10:04:29.4131 | INFO | Task2.JournalPage | Checking if element exists For Authors in jonajournal, its XPath: //a[contains(text(), "For Authors")]
2017-02-15 10:04:29.5851 | INFO | Task2.JournalPage | Checking if element exists Information for Authors in jonajournal, its XPath: //span[contains(text(), "Information for Authors")]
2017-02-15 10:04:29.7781 | INFO | Task2.JournalPage | Checking if element exists For Authors in jonajournal, its XPath: //a[contains(text(), "For Authors")]
2017-02-15 10:04:29.9601 | INFO | Task2.JournalPage | Checking if element exists Language Editing Services in jonajournal, its XPath: //span[contains(text(), "Language Editing Services")]
2017-02-15 10:04:30.0782 | INFO | Task2.JournalPage | Checking if element exists For Authors in jonajournal, its XPath: //a[contains(text(), "For Authors")]
2017-02-15 10:04:30.2392 | INFO | Task2.JournalPage | Checking if element exists Author's Institution Press Release Guidelines in jonajournal, its XPath: //span[contains(text(), "Author's Institution Press Release Guidelines")]
2017-02-15 10:04:30.3972 | INFO | Task2.JournalPage | Checking if element exists Journal Info in jonajournal, its XPath: //a[contains(text(), "Journal Info")]
2017-02-15 10:04:30.5572 | INFO | Task2.JournalPage | Checking if element exists About the Journal in jonajournal, its XPath: //span[contains(text(), "About the Journal")]
2017-02-15 10:04:30.7182 | INFO | Task2.JournalPage | Checking if element exists Journal Info in jonajournal, its XPath: //a[contains(text(), "Journal Info")]
2017-02-15 10:04:30.8782 | INFO | Task2.JournalPage | Checking if element exists Editorial Board in jonajournal, its XPath: //span[contains(text(), "Editorial Board")]
2017-02-15 10:04:31.0363 | INFO | Task2.JournalPage | Checking if element exists Journal Info in jonajournal, its XPath: //a[contains(text(), "Journal Info")]
2017-02-15 10:04:31.1963 | INFO | Task2.JournalPage | Checking if element exists Advertising in jonajournal, its XPath: //span[contains(text(), "Advertising")]
2017-02-15 10:04:31.3583 | INFO | Task2.JournalPage | Checking if element exists Journal Info in jonajournal, its XPath: //a[contains(text(), "Journal Info")]
2017-02-15 10:04:31.5223 | INFO | Task2.JournalPage | Checking if element exists Open Access in jonajournal, its XPath: //span[contains(text(), "Open Access")]
2017-02-15 10:04:31.6843 | INFO | Task2.JournalPage | Checking if element exists Journal Info in jonajournal, its XPath: //a[contains(text(), "Journal Info")]
2017-02-15 10:04:31.8423 | INFO | Task2.JournalPage | Checking if element exists Subscription Services in jonajournal, its XPath: //span[contains(text(), "Subscription Services")]
2017-02-15 10:04:32.0043 | INFO | Task2.JournalPage | Checking if element exists Journal Info in jonajournal, its XPath: //a[contains(text(), "Journal Info")]
2017-02-15 10:04:32.1874 | INFO | Task2.JournalPage | Checking if element exists Reprints in jonajournal, its XPath: //span[contains(text(), "Reprints")]
2017-02-15 10:04:32.3064 | INFO | Task2.JournalPage | Checking if element exists Journal Info in jonajournal, its XPath: //a[contains(text(), "Journal Info")]
2017-02-15 10:04:32.4664 | INFO | Task2.JournalPage | Checking if element exists Rights and Permissions in jonajournal, its XPath: //span[contains(text(), "Rights and Permissions")]
2017-02-15 10:04:32.6414 | DEBUG | Task2.JournalPage | Going to the journal page http://journals.lww.com/jonmd
2017-02-15 10:04:37.2899 | INFO | Task2.BaseElement | Clicking on Simple Search Bar. Its locator: By.XPath: //input[@class = 'form-control']
2017-02-15 10:04:37.8889 | INFO | Task2.BaseElement | Filling label with info
2017-02-15 10:04:38.3940 | INFO | Task2.BaseElement | Clicking on Search Button. Its locator: By.XPath: //button[@type = 'submit']
2017-02-15 10:04:53.7415 | INFO | Task2.SearchPage | Checking if search has results by checking element with XPath: By.XPath: //div[@class = 'wp-feature-articles']
2017-02-15 10:04:54.0045 | INFO | Task2.SearchPage | Everything is ok with simple search
2017-02-15 10:04:54.0045 | INFO | Task2.BaseElement | Clicking on Advanced Search Link. Its locator: By.XPath: //div[@class = 'advance-search']
2017-02-15 10:04:57.4729 | INFO | Task2.Pages.AdvancedSearchPage | Selecting All Fields in 1 scope, its Locator: By.XPath: //select[@id = 'dplScope_1']
2017-02-15 10:04:57.6829 | INFO | Task2.BaseElement | Filling label with info
2017-02-15 10:05:03.9075 | ERROR | Task2.BaseElement | Element named Check Boxes was not found. Locator is: By.XPath: //div[@class = 'journalNamesDiv']. Exception: OpenQA.Selenium.NoSuchElementException: Unable to locate element: {"method":"xpath","selector":"//div[@class = 'journalNamesDiv']"}
For documentation on this error, please visit: http://seleniumhq.org/exceptions/no_such_element.html
Build info: version: '2.53.1', revision: 'a36b8b1', time: '2016-06-30 17:37:03'
System info: host: '185-129-69-156', ip: '185.129.69.156', os.name: 'windows', os.arch: 'x86', os.version: '5.2', java.version: '1.8.0_40'
Driver info: driver.version: unknown
   at OpenQA.Selenium.Remote.RemoteWebDriver.UnpackAndThrowOnError(Response errorResponse)
   at OpenQA.Selenium.Remote.RemoteWebDriver.Execute(String driverCommandToExecute, Dictionary`2 parameters)
   at OpenQA.Selenium.Remote.RemoteWebDriver.FindElement(String mechanism, String value)
   at OpenQA.Selenium.Remote.RemoteWebDriver.FindElementByXPath(String xpath)
   at OpenQA.Selenium.By.<>c__DisplayClasse.<XPath>b__c(ISearchContext context)
   at OpenQA.Selenium.By.FindElement(ISearchContext context)
   at OpenQA.Selenium.Remote.RemoteWebDriver.FindElement(By by)
   at Task2.BaseElement.getElement(IWebDriver driver) in C:\Users\Uladzimir_Shved\documents\visual studio 2015\Projects\Task2\Task2\BaseElement.cs:line 48
2017-02-15 10:05:03.9075 | INFO | Task2.BaseElement | Clicking on Search Button. Its locator: By.XPath: //input[@value = 'Search']
2017-02-15 10:05:21.2953 | INFO | Task2.Pages.AdvancedSearchPage | Checking if search has results by checking element with XPath: By.XPath: //div[. = '0 results']
2017-02-15 10:05:27.0509 | ERROR | Task2.BaseElement | Element named Advanced Search Results was not found. Locator is: By.XPath: //div[. = '0 results']. Exception: OpenQA.Selenium.NoSuchElementException: Unable to locate element: {"method":"xpath","selector":"//div[. = '0 results']"}
For documentation on this error, please visit: http://seleniumhq.org/exceptions/no_such_element.html
Build info: version: '2.53.1', revision: 'a36b8b1', time: '2016-06-30 17:37:03'
System info: host: '185-129-69-156', ip: '185.129.69.156', os.name: 'windows', os.arch: 'x86', os.version: '5.2', java.version: '1.8.0_40'
Driver info: driver.version: unknown
   at OpenQA.Selenium.Remote.RemoteWebDriver.UnpackAndThrowOnError(Response errorResponse)
   at OpenQA.Selenium.Remote.RemoteWebDriver.Execute(String driverCommandToExecute, Dictionary`2 parameters)
   at OpenQA.Selenium.Remote.RemoteWebDriver.FindElement(String mechanism, String value)
   at OpenQA.Selenium.Remote.RemoteWebDriver.FindElementByXPath(String xpath)
   at OpenQA.Selenium.By.<>c__DisplayClasse.<XPath>b__c(ISearchContext context)
   at OpenQA.Selenium.By.FindElement(ISearchContext context)
   at OpenQA.Selenium.Remote.RemoteWebDriver.FindElement(By by)
   at Task2.BaseElement.getElement(IWebDriver driver) in C:\Users\Uladzimir_Shved\documents\visual studio 2015\Projects\Task2\Task2\BaseElement.cs:line 48
2017-02-15 10:05:27.0519 | INFO | Task2.Pages.AdvancedSearchPage | No results! Its a bug if data was valid
2017-02-15 10:05:27.0519 | DEBUG | Task2.JournalPage | Going to the journal page http://journals.lww.com/jonmd
2017-02-15 10:05:30.9382 | INFO | Task2.JournalPage | Checking if element exists Articles & Issues in jonmd, its XPath: //a[contains(text(), "Articles & Issues")]
2017-02-15 10:05:31.2833 | INFO | Task2.JournalPage | Checking if element exists Current Issue in jonmd, its XPath: //span[contains(text(), "Current Issue")]
2017-02-15 10:05:31.4103 | INFO | Task2.JournalPage | Checking if element exists Articles & Issues in jonmd, its XPath: //a[contains(text(), "Articles & Issues")]
2017-02-15 10:05:31.6463 | INFO | Task2.JournalPage | Checking if element exists Previous Issues in jonmd, its XPath: //span[contains(text(), "Previous Issues")]
2017-02-15 10:05:31.7823 | INFO | Task2.JournalPage | Checking if element exists Articles & Issues in jonmd, its XPath: //a[contains(text(), "Articles & Issues")]
2017-02-15 10:05:31.9253 | INFO | Task2.JournalPage | Checking if element exists Published Ahead-of-Print in jonmd, its XPath: //span[contains(text(), "Published Ahead-of-Print")]
2017-02-15 10:05:32.1644 | INFO | Task2.JournalPage | Checking if element exists For Authors in jonmd, its XPath: //a[contains(text(), "For Authors")]
2017-02-15 10:05:32.2934 | INFO | Task2.JournalPage | Checking if element exists Information for Authors in jonmd, its XPath: //span[contains(text(), "Information for Authors")]
2017-02-15 10:05:32.5204 | INFO | Task2.JournalPage | Checking if element exists For Authors in jonmd, its XPath: //a[contains(text(), "For Authors")]
2017-02-15 10:05:32.6824 | INFO | Task2.JournalPage | Checking if element exists Language Editing Services in jonmd, its XPath: //span[contains(text(), "Language Editing Services")]
2017-02-15 10:05:32.8464 | INFO | Task2.JournalPage | Checking if element exists Journal Info in jonmd, its XPath: //a[contains(text(), "Journal Info")]
2017-02-15 10:05:33.0124 | INFO | Task2.JournalPage | Checking if element exists About the Journal in jonmd, its XPath: //span[contains(text(), "About the Journal")]
2017-02-15 10:05:33.1805 | INFO | Task2.JournalPage | Checking if element exists Journal Info in jonmd, its XPath: //a[contains(text(), "Journal Info")]
2017-02-15 10:05:33.3095 | INFO | Task2.JournalPage | Checking if element exists Editorial Board in jonmd, its XPath: //span[contains(text(), "Editorial Board")]
2017-02-15 10:05:33.4315 | INFO | Task2.JournalPage | Checking if element exists Journal Info in jonmd, its XPath: //a[contains(text(), "Journal Info")]
2017-02-15 10:05:33.5895 | INFO | Task2.JournalPage | Checking if element exists Advertising in jonmd, its XPath: //span[contains(text(), "Advertising")]
2017-02-15 10:05:33.7505 | INFO | Task2.JournalPage | Checking if element exists Journal Info in jonmd, its XPath: //a[contains(text(), "Journal Info")]
2017-02-15 10:05:33.9105 | INFO | Task2.JournalPage | Checking if element exists Open Access in jonmd, its XPath: //span[contains(text(), "Open Access")]
2017-02-15 10:05:34.0716 | INFO | Task2.JournalPage | Checking if element exists Journal Info in jonmd, its XPath: //a[contains(text(), "Journal Info")]
2017-02-15 10:05:34.2316 | INFO | Task2.JournalPage | Checking if element exists Subscription Services in jonmd, its XPath: //span[contains(text(), "Subscription Services")]
2017-02-15 10:05:34.4096 | INFO | Task2.JournalPage | Checking if element exists Journal Info in jonmd, its XPath: //a[contains(text(), "Journal Info")]
2017-02-15 10:05:34.5336 | INFO | Task2.JournalPage | Checking if element exists Reprints in jonmd, its XPath: //span[contains(text(), "Reprints")]
2017-02-15 10:05:34.6946 | INFO | Task2.JournalPage | Checking if element exists Journal Info in jonmd, its XPath: //a[contains(text(), "Journal Info")]
2017-02-15 10:05:34.8556 | INFO | Task2.JournalPage | Checking if element exists Rights and Permissions in jonmd, its XPath: //span[contains(text(), "Rights and Permissions")]
